<?xml version="1.0" encoding="UTF-8"?>
<testsuite name="com.leszko.calculator.CalculatorTest" tests="1" skipped="0" failures="0" errors="0" timestamp="2018-07-17T07:38:34" hostname="abulafia" time="0.004">
  <properties/>
  <testcase name="testSum" classname="com.leszko.calculator.CalculatorTest" time="0.004"/>
  <system-out><![CDATA[]]></system-out>
  <system-err><![CDATA[]]></system-err>
</testsuite>
